#
# A fatal error has been detected by the Java Runtime Environment:
#
#  EXCEPTION_ACCESS_VIOLATION (0xc0000005) at pc=0x0000000051dc7e87, pid=4100, tid=0x0000000000000dcc
#
# JRE version: Java(TM) SE Runtime Environment (8.0_102-b14) (build 1.8.0_102-b14)
# Java VM: Java HotSpot(TM) 64-Bit Server VM (25.102-b14 mixed mode windows-amd64 compressed oops)
# Problematic frame:
# V  [jvm.dll+0x487e87]
#
# Failed to write core dump. Minidumps are not enabled by default on client versions of Windows
#
# If you would like to submit a bug report, please visit:
#   http://bugreport.java.com/bugreport/crash.jsp
#

---------------  T H R E A D  ---------------

Current thread (0x0000000019520800):  JavaThread "C2 CompilerThread1" daemon [_thread_in_native, id=3532, stack(0x000000001a1b0000,0x000000001a2b0000)]

siginfo: ExceptionCode=0xc0000005, reading address 0x0000000000000028

Registers:
RAX=0x0000000080000000, RBX=0x000000001c5e2078, RCX=0x000000000000001f, RDX=0x000000001a2aca18
RSP=0x000000001a2ac8e0, RBP=0x000000001a2ac940, RSI=0x000000001c5e1fe0, RDI=0x00000000000005f3
R8 =0x000000000000012d, R9 =0x0000000000000000, R10=0x00000000221c4b30, R11=0x0000000000000000
R12=0x0000000000000000, R13=0x000000001c5e2088, R14=0x000000001a2acb30, R15=0x0000000051fc4680
RIP=0x0000000051dc7e87, EFLAGS=0x0000000000010287

Top of Stack: (sp=0x000000001a2ac8e0)
0x000000001a2ac8e0:   000000001ac0a700 000000001ac0a508
0x000000001a2ac8f0:   0000000051fc4680 000000001a2acb30
0x000000001a2ac900:   000000001ac0a760 000000001ac0a508
0x000000001a2ac910:   0000000021f72fb0 0000000051dca6e3
0x000000001a2ac920:   000000001a2acb30 000000001ac0aaa8
0x000000001a2ac930:   000000001ac0a700 0000000021f72a60
0x000000001a2ac940:   000000001a2aca18 000000001a2ac9f8
0x000000001a2ac950:   000000001a2acb30 0000000051a2c40b
0x000000001a2ac960:   000000001951d4e0 000000001c7adce0
0x000000001a2ac970:   0000000000000000 000000001a2aca19
0x000000001a2ac980:   000000001a2acb30 0000000051dcabe9
0x000000001a2ac990:   000000001f0d92a8 000000001f0d3bd0
0x000000001a2ac9a0:   000000001f0d12c0 000000002135d4f0
0x000000001a2ac9b0:   000000000000001e 00000000212e8d88
0x000000001a2ac9c0:   0000000000000000 0000000000000000
0x000000001a2ac9d0:   0000000000000000 0000000000000000 

Instructions: (pc=0x0000000051dc7e87)
0x0000000051dc7e67:   78 68 8b 46 20 4c 8d 2c c3 49 3b dd 0f 83 bd 00
0x0000000051dc7e77:   00 00 0f 1f 80 00 00 00 00 4c 8b 0b 48 8b 55 00
0x0000000051dc7e87:   41 8b 49 28 8b c1 c1 e8 05 3b 42 10 73 19 44 8b
0x0000000051dc7e97:   c0 48 8b 42 18 83 e1 1f 42 8b 04 80 ba 01 00 00 


Register to memory mapping:

RAX=0x0000000080000000 is an unknown value
RBX=0x000000001c5e2078 is an unknown value
RCX=0x000000000000001f is an unknown value
RDX=0x000000001a2aca18 is pointing into the stack for thread: 0x0000000019520800
RSP=0x000000001a2ac8e0 is pointing into the stack for thread: 0x0000000019520800
RBP=0x000000001a2ac940 is pointing into the stack for thread: 0x0000000019520800
RSI=0x000000001c5e1fe0 is an unknown value
RDI=0x00000000000005f3 is an unknown value
R8 =0x000000000000012d is an unknown value
R9 =0x0000000000000000 is an unknown value
R10=0x00000000221c4b30 is an unknown value
R11=0x0000000000000000 is an unknown value
R12=0x0000000000000000 is an unknown value
R13=0x000000001c5e2088 is an unknown value
R14=0x000000001a2acb30 is pointing into the stack for thread: 0x0000000019520800
R15=0x0000000051fc4680 is an unknown value


Stack: [0x000000001a1b0000,0x000000001a2b0000],  sp=0x000000001a2ac8e0,  free space=1010k
Native frames: (J=compiled Java code, j=interpreted, Vv=VM code, C=native code)
V  [jvm.dll+0x487e87]
V  [jvm.dll+0x48a6e3]
V  [jvm.dll+0x48abe9]
V  [jvm.dll+0x48b96a]
V  [jvm.dll+0x472f3c]
V  [jvm.dll+0x475927]
V  [jvm.dll+0x458372]
V  [jvm.dll+0xa5572]
V  [jvm.dll+0xa5eaf]
V  [jvm.dll+0x2447af]
V  [jvm.dll+0x29c03a]
C  [msvcr100.dll+0x21d7b]
C  [msvcr100.dll+0x21e17]
C  [kernel32.dll+0x159cd]
C  [ntdll.dll+0x5385d]


Current CompileTask:
C2:  13125 3458       4       java.lang.Class::privateGetPublicMethods (267 bytes)


---------------  P R O C E S S  ---------------

Java Threads: ( => current thread )
  0x000000001c37b800 JavaThread "Unknown thread" [_thread_in_native, id=6288, stack(0x000000001fd90000,0x000000001fe90000)]
  0x000000001c37b000 
[error occurred during error reporting (printing all threads), id 0xc0000005]

VM state:at safepoint (normal execution)

VM Mutex/Monitor currently owned by a thread:  ([mutex/lock_event])
[0x00000000030688c0] Threads_lock - owner thread: 0x00000000180fd800
[0x0000000003068dc0] Heap_lock - owner thread: 0x00000000021cf000

Heap:
 PSYoungGen      total 298496K, used 11203K [0x00000000d5b80000, 0x00000000ed200000, 0x0000000100000000)
  eden space 276992K, 0% used [0x00000000d5b80000,0x00000000d5b80000,0x00000000e6a00000)
  from space 21504K, 52% used [0x00000000e7e00000,0x00000000e88f0e20,0x00000000e9300000)
  to   space 20480K, 0% used [0x00000000e6a00000,0x00000000e6a00000,0x00000000e7e00000)
 ParOldGen       total 107520K, used 34654K [0x0000000081200000, 0x0000000087b00000, 0x00000000d5b80000)
  object space 107520K, 32% used [0x0000000081200000,0x00000000833d7850,0x0000000087b00000)
 Metaspace       used 34901K, capacity 35233K, committed 35416K, reserved 1079296K
  class space    used 4611K, capacity 4707K, committed 4736K, reserved 1048576K

Card table byte_map: [0x00000000126a0000,0x0000000012aa0000] byte_map_base: 0x0000000012297000

Marking Bits: (ParMarkBitMap*) 0x000000005215a6c0
 Begin Bits: [0x00000000133d0000, 0x0000000015388000)
 End Bits:   [0x0000000015388000, 0x0000000017340000)

Polling page: 0x0000000002190000

CodeCache: size=245760Kb used=13044Kb max_used=13044Kb free=232715Kb
 bounds [0x00000000032e0000, 0x0000000003fb0000, 0x00000000122e0000]
 total_blobs=3722 nmethods=3265 adapters=377
 compilation: enabled

Compilation events (10 events):
Event: 12.970 Thread 0x0000000019524800 nmethod 3472 0x0000000003f82910 code [0x0000000003f82b00, 0x0000000003f834c8]
Event: 12.970 Thread 0x0000000019524800 3473       3       org.springframework.beans.factory.support.BeanDefinitionValueResolver$KeyedArgName::<init> (15 bytes)
Event: 12.970 Thread 0x0000000019524800 nmethod 3473 0x0000000003f82550 code [0x0000000003f826a0, 0x0000000003f82870]
Event: 12.971 Thread 0x0000000019524800 3474       3       org.mule.module.db.internal.domain.param.DefaultInputQueryParam::<init> (14 bytes)
Event: 12.971 Thread 0x0000000019524800 nmethod 3474 0x0000000003f8b490 code [0x0000000003f8b600, 0x0000000003f8b850]
Event: 12.971 Thread 0x0000000019524800 3475       3       org.mule.module.db.internal.domain.param.AbstractQueryParam::<init> (20 bytes)
Event: 12.971 Thread 0x0000000019524800 nmethod 3475 0x0000000003f8b090 code [0x0000000003f8b1e0, 0x0000000003f8b3b0]
Event: 12.971 Thread 0x0000000019524800 3476       1       org.springframework.beans.factory.config.AbstractFactoryBean::isSingleton (5 bytes)
Event: 12.971 Thread 0x0000000019524800 nmethod 3476 0x0000000003f6d1d0 code [0x0000000003f6d320, 0x0000000003f6d430]
Event: 12.985 Thread 0x0000000019524800 3477       3       sun.misc.ASCIICaseInsensitiveComparator::compare (126 bytes)

GC Heap History (10 events):
Event: 5.223 GC heap before
{Heap before GC invocations=4 (full 0):
 PSYoungGen      total 71680K, used 71674K [0x00000000d5b80000, 0x00000000de780000, 0x0000000100000000)
  eden space 66560K, 100% used [0x00000000d5b80000,0x00000000d9c80000,0x00000000d9c80000)
  from space 5120K, 99% used [0x00000000d9c80000,0x00000000da17e910,0x00000000da180000)
  to   space 5120K, 0% used [0x00000000de280000,0x00000000de280000,0x00000000de780000)
 ParOldGen       total 87552K, used 9892K [0x0000000081200000, 0x0000000086780000, 0x00000000d5b80000)
  object space 87552K, 11% used [0x0000000081200000,0x0000000081ba9338,0x0000000086780000)
 Metaspace       used 15784K, capacity 15966K, committed 16128K, reserved 1062912K
  class space    used 1928K, capacity 1996K, committed 2048K, reserved 1048576K
Event: 5.262 GC heap after
Heap after GC invocations=4 (full 0):
 PSYoungGen      total 138240K, used 5106K [0x00000000d5b80000, 0x00000000de780000, 0x0000000100000000)
  eden space 133120K, 0% used [0x00000000d5b80000,0x00000000d5b80000,0x00000000ddd80000)
  from space 5120K, 99% used [0x00000000de280000,0x00000000de77cb78,0x00000000de780000)
  to   space 5120K, 0% used [0x00000000ddd80000,0x00000000ddd80000,0x00000000de280000)
 ParOldGen       total 87552K, used 24503K [0x0000000081200000, 0x0000000086780000, 0x00000000d5b80000)
  object space 87552K, 27% used [0x0000000081200000,0x00000000829edc60,0x0000000086780000)
 Metaspace       used 15784K, capacity 15966K, committed 16128K, reserved 1062912K
  class space    used 1928K, capacity 1996K, committed 2048K, reserved 1048576K
}
Event: 6.518 GC heap before
{Heap before GC invocations=5 (full 0):
 PSYoungGen      total 138240K, used 95922K [0x00000000d5b80000, 0x00000000de780000, 0x0000000100000000)
  eden space 133120K, 68% used [0x00000000d5b80000,0x00000000db42fe08,0x00000000ddd80000)
  from space 5120K, 99% used [0x00000000de280000,0x00000000de77cb78,0x00000000de780000)
  to   space 5120K, 0% used [0x00000000ddd80000,0x00000000ddd80000,0x00000000de280000)
 ParOldGen       total 87552K, used 24503K [0x0000000081200000, 0x0000000086780000, 0x00000000d5b80000)
  object space 87552K, 27% used [0x0000000081200000,0x00000000829edc60,0x0000000086780000)
 Metaspace       used 20855K, capacity 21074K, committed 21248K, reserved 1067008K
  class space    used 2657K, capacity 2724K, committed 2816K, reserved 1048576K
Event: 6.559 GC heap after
Heap after GC invocations=5 (full 0):
 PSYoungGen      total 138240K, used 5096K [0x00000000d5b80000, 0x00000000e8b80000, 0x0000000100000000)
  eden space 133120K, 0% used [0x00000000d5b80000,0x00000000d5b80000,0x00000000ddd80000)
  from space 5120K, 99% used [0x00000000ddd80000,0x00000000de27a300,0x00000000de280000)
  to   space 22528K, 0% used [0x00000000e7580000,0x00000000e7580000,0x00000000e8b80000)
 ParOldGen       total 87552K, used 34376K [0x0000000081200000, 0x0000000086780000, 0x00000000d5b80000)
  object space 87552K, 39% used [0x0000000081200000,0x00000000833920d8,0x0000000086780000)
 Metaspace       used 20855K, capacity 21074K, committed 21248K, reserved 1067008K
  class space    used 2657K, capacity 2724K, committed 2816K, reserved 1048576K
}
Event: 6.559 GC heap before
{Heap before GC invocations=6 (full 1):
 PSYoungGen      total 138240K, used 5096K [0x00000000d5b80000, 0x00000000e8b80000, 0x0000000100000000)
  eden space 133120K, 0% used [0x00000000d5b80000,0x00000000d5b80000,0x00000000ddd80000)
  from space 5120K, 99% used [0x00000000ddd80000,0x00000000de27a300,0x00000000de280000)
  to   space 22528K, 0% used [0x00000000e7580000,0x00000000e7580000,0x00000000e8b80000)
 ParOldGen       total 87552K, used 34376K [0x0000000081200000, 0x0000000086780000, 0x00000000d5b80000)
  object space 87552K, 39% used [0x0000000081200000,0x00000000833920d8,0x0000000086780000)
 Metaspace       used 20855K, capacity 21074K, committed 21248K, reserved 1067008K
  class space    used 2657K, capacity 2724K, committed 2816K, reserved 1048576K
Event: 6.901 GC heap after
Heap after GC invocations=6 (full 1):
 PSYoungGen      total 138240K, used 0K [0x00000000d5b80000, 0x00000000e8b80000, 0x0000000100000000)
  eden space 133120K, 0% used [0x00000000d5b80000,0x00000000d5b80000,0x00000000ddd80000)
  from space 5120K, 0% used [0x00000000ddd80000,0x00000000ddd80000,0x00000000de280000)
  to   space 22528K, 0% used [0x00000000e7580000,0x00000000e7580000,0x00000000e8b80000)
 ParOldGen       total 107520K, used 34630K [0x0000000081200000, 0x0000000087b00000, 0x00000000d5b80000)
  object space 107520K, 32% used [0x0000000081200000,0x00000000833d1850,0x0000000087b00000)
 Metaspace       used 20855K, capacity 21074K, committed 21248K, reserved 1067008K
  class space    used 2657K, capacity 2724K, committed 2816K, reserved 1048576K
}
Event: 8.632 GC heap before
{Heap before GC invocations=7 (full 1):
 PSYoungGen      total 138240K, used 133120K [0x00000000d5b80000, 0x00000000e8b80000, 0x0000000100000000)
  eden space 133120K, 100% used [0x00000000d5b80000,0x00000000ddd80000,0x00000000ddd80000)
  from space 5120K, 0% used [0x00000000ddd80000,0x00000000ddd80000,0x00000000de280000)
  to   space 22528K, 0% used [0x00000000e7580000,0x00000000e7580000,0x00000000e8b80000)
 ParOldGen       total 107520K, used 34630K [0x0000000081200000, 0x0000000087b00000, 0x00000000d5b80000)
  object space 107520K, 32% used [0x0000000081200000,0x00000000833d1850,0x0000000087b00000)
 Metaspace       used 26075K, capacity 26340K, committed 26752K, reserved 1073152K
  class space    used 3527K, capacity 3623K, committed 3712K, reserved 1048576K
Event: 8.838 GC heap after
Heap after GC invocations=7 (full 1):
 PSYoungGen      total 199680K, used 5314K [0x00000000d5b80000, 0x00000000e7b00000, 0x0000000100000000)
  eden space 194048K, 0% used [0x00000000d5b80000,0x00000000d5b80000,0x00000000e1900000)
  from space 5632K, 94% used [0x00000000e7580000,0x00000000e7ab0b38,0x00000000e7b00000)
  to   space 22528K, 0% used [0x00000000e4f00000,0x00000000e4f00000,0x00000000e6500000)
 ParOldGen       total 107520K, used 34630K [0x0000000081200000, 0x0000000087b00000, 0x00000000d5b80000)
  object space 107520K, 32% used [0x0000000081200000,0x00000000833d1850,0x0000000087b00000)
 Metaspace       used 26075K, capacity 26340K, committed 26752K, reserved 1073152K
  class space    used 3527K, capacity 3623K, committed 3712K, reserved 1048576K
}
Event: 11.119 GC heap before
{Heap before GC invocations=8 (full 1):
 PSYoungGen      total 199680K, used 199362K [0x00000000d5b80000, 0x00000000e7b00000, 0x0000000100000000)
  eden space 194048K, 100% used [0x00000000d5b80000,0x00000000e1900000,0x00000000e1900000)
  from space 5632K, 94% used [0x00000000e7580000,0x00000000e7ab0b38,0x00000000e7b00000)
  to   space 22528K, 0% used [0x00000000e4f00000,0x00000000e4f00000,0x00000000e6500000)
 ParOldGen       total 107520K, used 34630K [0x0000000081200000, 0x0000000087b00000, 0x00000000d5b80000)
  object space 107520K, 32% used [0x0000000081200000,0x00000000833d1850,0x0000000087b00000)
 Metaspace       used 30957K, capacity 31217K, committed 31616K, reserved 1077248K
  class space    used 4073K, capacity 4147K, committed 4224K, reserved 1048576K
Event: 11.166 GC heap after
Heap after GC invocations=8 (full 1):
 PSYoungGen      total 271872K, used 8451K [0x00000000d5b80000, 0x00000000e9300000, 0x0000000100000000)
  eden space 249344K, 0% used [0x00000000d5b80000,0x00000000d5b80000,0x00000000e4f00000)
  from space 22528K, 37% used [0x00000000e4f00000,0x00000000e5740d78,0x00000000e6500000)
  to   space 21504K, 0% used [0x00000000e7e00000,0x00000000e7e00000,0x00000000e9300000)
 ParOldGen       total 107520K, used 34638K [0x0000000081200000, 0x0000000087b00000, 0x00000000d5b80000)
  object space 107520K, 32% used [0x0000000081200000,0x00000000833d3850,0x0000000087b00000)
 Metaspace       used 30957K, capacity 31217K, committed 31616K, reserved 1077248K
  class space    used 4073K, capacity 4147K, committed 4224K, reserved 1048576K
}

Deoptimization events (10 events):
Event: 12.980 Thread 0x00000000021cf000 Uncommon trap: reason=unhandled action=none pc=0x000000000388efbc method=java.net.URLClassLoader.findClass(Ljava/lang/String;)Ljava/lang/Class; @ 44
Event: 12.981 Thread 0x00000000021cf000 Uncommon trap: reason=unhandled action=none pc=0x000000000388efbc method=java.net.URLClassLoader.findClass(Ljava/lang/String;)Ljava/lang/Class; @ 44
Event: 12.982 Thread 0x00000000021cf000 Uncommon trap: reason=unhandled action=none pc=0x000000000388efbc method=java.net.URLClassLoader.findClass(Ljava/lang/String;)Ljava/lang/Class; @ 44
Event: 12.983 Thread 0x00000000021cf000 Uncommon trap: reason=unhandled action=none pc=0x000000000388efbc method=java.net.URLClassLoader.findClass(Ljava/lang/String;)Ljava/lang/Class; @ 44
Event: 12.983 Thread 0x00000000021cf000 Uncommon trap: reason=unhandled action=none pc=0x0000000003c53614 method=java.net.URLClassLoader.findClass(Ljava/lang/String;)Ljava/lang/Class; @ 44
Event: 12.984 Thread 0x00000000021cf000 Uncommon trap: reason=unhandled action=none pc=0x000000000388efbc method=java.net.URLClassLoader.findClass(Ljava/lang/String;)Ljava/lang/Class; @ 44
Event: 12.984 Thread 0x00000000021cf000 Uncommon trap: reason=unhandled action=none pc=0x000000000388efbc method=java.net.URLClassLoader.findClass(Ljava/lang/String;)Ljava/lang/Class; @ 44
Event: 12.985 Thread 0x00000000021cf000 Uncommon trap: reason=unhandled action=none pc=0x000000000388efbc method=java.net.URLClassLoader.findClass(Ljava/lang/String;)Ljava/lang/Class; @ 44
Event: 12.985 Thread 0x00000000021cf000 Uncommon trap: reason=unhandled action=none pc=0x000000000388efbc method=java.net.URLClassLoader.findClass(Ljava/lang/String;)Ljava/lang/Class; @ 44
Event: 12.986 Thread 0x00000000021cf000 Uncommon trap: reason=unhandled action=none pc=0x000000000388efbc method=java.net.URLClassLoader.findClass(Ljava/lang/String;)Ljava/lang/Class; @ 44

Internal exceptions (10 events):
Event: 12.563 Thread 0x00000000021cf000 Exception <a 'java/lang/ArrayIndexOutOfBoundsException': 135> (0x00000000dda1f290) thrown at [C:\re\workspace\8-2-build-windows-amd64-cygwin\jdk8u102\7268\hotspot\src\share\vm\interpreter\interpreterRuntime.cpp, line 366]
Event: 12.564 Thread 0x00000000021cf000 Exception <a 'java/lang/ArrayIndexOutOfBoundsException': 135> (0x00000000dda22640) thrown at [C:\re\workspace\8-2-build-windows-amd64-cygwin\jdk8u102\7268\hotspot\src\share\vm\interpreter\interpreterRuntime.cpp, line 366]
Event: 12.567 Thread 0x00000000021cf000 Exception <a 'java/lang/ArrayIndexOutOfBoundsException': 135> (0x00000000dda48140) thrown at [C:\re\workspace\8-2-build-windows-amd64-cygwin\jdk8u102\7268\hotspot\src\share\vm\interpreter\interpreterRuntime.cpp, line 366]
Event: 12.568 Thread 0x00000000021cf000 Exception <a 'java/lang/ArrayIndexOutOfBoundsException': 135> (0x00000000dda4b308) thrown at [C:\re\workspace\8-2-build-windows-amd64-cygwin\jdk8u102\7268\hotspot\src\share\vm\interpreter\interpreterRuntime.cpp, line 366]
Event: 12.573 Thread 0x00000000021cf000 Exception <a 'java/lang/ClassNotFoundException': org/mule/module/http/internal/request/client/HttpConnectorMessageProcessorProviderBeanInfo> (0x00000000ddaf13e0) thrown at [C:\re\workspace\8-2-build-windows-amd64-cygwin\jdk8u102\7268\hotspot\src\share\vm\c%z`'‚&)@
Event: 12.575 Thread 0x00000000021cf000 Exception <a 'java/lang/ClassNotFoundException': org/mule/module/http/internal/request/client/HttpConnectorMessageProcessorProviderCustomizer> (0x00000000ddb7ca50) thrown at [C:\re\workspace\8-2-build-windows-amd64-cygwin\jdk8u102\7268\hotspot\src\share\vm
Event: 12.957 Thread 0x00000000021cf000 Exception <a 'java/lang/ArrayIndexOutOfBoundsException': 135> (0x00000000e15a6950) thrown at [C:\re\workspace\8-2-build-windows-amd64-cygwin\jdk8u102\7268\hotspot\src\share\vm\interpreter\interpreterRuntime.cpp, line 366]
Event: 12.957 Thread 0x00000000021cf000 Exception <a 'java/lang/ArrayIndexOutOfBoundsException': 135> (0x00000000e15a9d00) thrown at [C:\re\workspace\8-2-build-windows-amd64-cygwin\jdk8u102\7268\hotspot\src\share\vm\interpreter\interpreterRuntime.cpp, line 366]
Event: 12.960 Thread 0x00000000021cf000 Exception <a 'java/lang/ArrayIndexOutOfBoundsException': 135> (0x00000000e15d8b20) thrown at [C:\re\workspace\8-2-build-windows-amd64-cygwin\jdk8u102\7268\hotspot\src\share\vm\interpreter\interpreterRuntime.cpp, line 366]
Event: 12.961 Thread 0x00000000021cf000 Exception <a 'java/lang/ArrayIndexOutOfBoundsException': 135> (0x00000000e15dbce8) thrown at [C:\re\workspace\8-2-build-windows-amd64-cygwin\jdk8u102\7268\hotspot\src\share\vm\interpreter\interpreterRuntime.cpp, line 366]

Events (10 events):
Event: 12.985 Thread 0x00000000021cf000 DEOPT UNPACKING pc=0x000000000332582a sp=0x00000000032d9398 mode 2
Event: 12.985 loading class org/mule/module/http/internal/listener/async/HttpResponseReadyCallback
Event: 12.985 loading class org/mule/module/http/internal/listener/async/HttpResponseReadyCallback done
Event: 12.985 Thread 0x00000000021cf000 Uncommon trap: trap_request=0xffffffa7 fr.pc=0x000000000388efbc
Event: 12.985 Thread 0x00000000021cf000 DEOPT PACKING pc=0x000000000388efbc sp=0x00000000032dba10
Event: 12.985 Thread 0x00000000021cf000 DEOPT UNPACKING pc=0x000000000332582a sp=0x00000000032db908 mode 2
Event: 12.986 loading class org/mule/module/http/internal/listener/grizzly/GrizzlyAddressDelegateFilter
Event: 12.986 loading class org/mule/module/http/internal/listener/grizzly/GrizzlyAddressDelegateFilter done
Event: 12.986 Thread 0x00000000021cf000 Uncommon trap: trap_request=0xffffffa7 fr.pc=0x000000000388efbc
Event: 12.986 Thread 0x00000000021cf000 DEOPT PACKING pc=0x000000000388efbc sp=0x00000000032dd010


Dynamic libraries:
0x000000013fb50000 - 0x000000013fb87000 	C:\Program Files\Java\jdk1.8.0_102\bin\javaw.exe
0x00000000778c0000 - 0x0000000077a5f000 	C:\Windows\SYSTEM32\ntdll.dll
0x00000000777a0000 - 0x00000000778bf000 	C:\Windows\system32\kernel32.dll
0x000007fefd480000 - 0x000007fefd4ea000 	C:\Windows\system32\KERNELBASE.dll
0x000007fefef00000 - 0x000007fefefdb000 	C:\Windows\system32\ADVAPI32.dll
0x000007feffaf0000 - 0x000007feffb8f000 	C:\Windows\system32\msvcrt.dll
0x000007feff580000 - 0x000007feff59f000 	C:\Windows\SYSTEM32\sechost.dll
0x000007fefdd10000 - 0x000007fefde3d000 	C:\Windows\system32\RPCRT4.dll
0x00000000775a0000 - 0x000000007769a000 	C:\Windows\system32\USER32.dll
0x000007feff0b0000 - 0x000007feff117000 	C:\Windows\system32\GDI32.dll
0x000007fefee00000 - 0x000007fefee0e000 	C:\Windows\system32\LPK.dll
0x000007fefefe0000 - 0x000007feff0ab000 	C:\Windows\system32\USP10.dll
0x000007fefbcc0000 - 0x000007fefbeb4000 	C:\Windows\WinSxS\amd64_microsoft.windows.common-controls_6595b64144ccf1df_6.0.7601.18837_none_fa3b1e3d17594757\COMCTL32.dll
0x000007fefdc90000 - 0x000007fefdd01000 	C:\Windows\system32\SHLWAPI.dll
0x000007feff5f0000 - 0x000007feff61e000 	C:\Windows\system32\IMM32.DLL
0x000007fefdb80000 - 0x000007fefdc89000 	C:\Windows\system32\MSCTF.dll
0x000007fefd260000 - 0x000007fefd3c2000 	C:\Windows\system32\tmumh\20019\AddOn\8.0.0.1056\TmUmEvt64.dll
0x0000000077790000 - 0x0000000077797000 	C:\Windows\system32\PSAPI.DLL
0x000007fefd1b0000 - 0x000007fefd1b3000 	C:\Windows\system32\api-ms-win-core-synch-l1-2-0.DLL
0x0000000075070000 - 0x00000000751d5000 	C:\Windows\system32\tmumh\20019\TmMon\2.7.3.1003\tmmon64.dll
0x0000000073170000 - 0x0000000073173000 	C:\Windows\system32\sfc.dll
0x000007fef79a0000 - 0x000007fef79b0000 	C:\Windows\system32\sfc_os.DLL
0x000007fefcd20000 - 0x000007fefcd2c000 	C:\Windows\system32\Version.dll
0x000007fefd9a0000 - 0x000007fefdb77000 	C:\Windows\system32\SETUPAPI.dll
0x000007fefd680000 - 0x000007fefd6b6000 	C:\Windows\system32\CFGMGR32.dll
0x000007fefd8c0000 - 0x000007fefd99a000 	C:\Windows\system32\OLEAUT32.dll
0x000007feff8f0000 - 0x000007feffaed000 	C:\Windows\system32\ole32.dll
0x000007fefd4f0000 - 0x000007fefd50a000 	C:\Windows\system32\DEVOBJ.dll
0x000007fefc590000 - 0x000007fefc5a2000 	C:\Windows\system32\DEVRTL.dll
0x0000000053d40000 - 0x0000000053e11000 	C:\Program Files\Java\jdk1.8.0_102\jre\bin\msvcr100.dll
0x0000000051940000 - 0x00000000521da000 	C:\Program Files\Java\jdk1.8.0_102\jre\bin\server\jvm.dll
0x000007fef7630000 - 0x000007fef7639000 	C:\Windows\system32\WSOCK32.dll
0x000007feff5a0000 - 0x000007feff5ed000 	C:\Windows\system32\WS2_32.dll
0x000007fefee90000 - 0x000007fefee98000 	C:\Windows\system32\NSI.dll
0x000007fefaf60000 - 0x000007fefaf9b000 	C:\Windows\system32\WINMM.dll
0x000000006f010000 - 0x000000006f01f000 	C:\Program Files\Java\jdk1.8.0_102\jre\bin\verify.dll
0x0000000053d10000 - 0x0000000053d39000 	C:\Program Files\Java\jdk1.8.0_102\jre\bin\java.dll
0x0000000053eb0000 - 0x0000000053ee5000 	C:\Program Files\Java\jdk1.8.0_102\jre\bin\jdwp.dll
0x000000006f000000 - 0x000000006f008000 	C:\Program Files\Java\jdk1.8.0_102\jre\bin\npt.dll
0x0000000062bf0000 - 0x0000000062c06000 	C:\Program Files\Java\jdk1.8.0_102\jre\bin\zip.dll
0x000007fefde40000 - 0x000007fefebca000 	C:\Windows\system32\SHELL32.dll
0x000007fefd470000 - 0x000007fefd47f000 	C:\Windows\system32\profapi.dll
0x00000000673c0000 - 0x00000000673c9000 	C:\Program Files\Java\jdk1.8.0_102\jre\bin\dt_socket.dll
0x000007fefae30000 - 0x000007fefae45000 	C:\Windows\system32\NLAapi.dll
0x000007fef7cc0000 - 0x000007fef7cd5000 	C:\Windows\system32\napinsp.dll
0x000007fef7ca0000 - 0x000007fef7cb9000 	C:\Windows\system32\pnrpnsp.dll
0x000007fefcaa0000 - 0x000007fefcaf5000 	C:\Windows\System32\mswsock.dll
0x000007fefc8e0000 - 0x000007fefc93b000 	C:\Windows\system32\DNSAPI.dll
0x000007fef7c90000 - 0x000007fef7c9b000 	C:\Windows\System32\winrnr.dll
0x000007fef7c80000 - 0x000007fef7c90000 	C:\Windows\system32\wshbth.dll
0x000007fefa710000 - 0x000007fefa737000 	C:\Windows\system32\IPHLPAPI.DLL
0x000007fefa700000 - 0x000007fefa70b000 	C:\Windows\system32\WINNSI.DLL
0x000007fefa550000 - 0x000007fefa5a3000 	C:\Windows\System32\fwpuclnt.dll
0x000007fef6d00000 - 0x000007fef6d08000 	C:\Windows\system32\rasadhlp.dll
0x000007fefc470000 - 0x000007fefc477000 	C:\Windows\System32\wshtcpip.dll
0x00000000673b0000 - 0x00000000673bd000 	C:\Program Files\Java\jdk1.8.0_102\jre\bin\management.dll
0x000007fefcb00000 - 0x000007fefcb18000 	C:\Windows\system32\CRYPTSP.dll
0x000007fefc7c0000 - 0x000007fefc807000 	C:\Windows\system32\rsaenh.dll
0x000007fefd7e0000 - 0x000007fefd7fe000 	C:\Windows\system32\USERENV.dll
0x000007fefd180000 - 0x000007fefd18f000 	C:\Windows\system32\CRYPTBASE.dll
0x0000000062a60000 - 0x0000000062a7a000 	C:\Program Files\Java\jdk1.8.0_102\jre\bin\net.dll
0x000007fefca90000 - 0x000007fefca97000 	C:\Windows\System32\wship6.dll
0x000007fefa630000 - 0x000007fefa648000 	C:\Windows\system32\dhcpcsvc.DLL
0x000007fefa610000 - 0x000007fefa621000 	C:\Windows\system32\dhcpcsvc6.DLL
0x0000000053cf0000 - 0x0000000053d01000 	C:\Program Files\Java\jdk1.8.0_102\jre\bin\nio.dll
0x000007fef62a0000 - 0x000007fef62aa000 	C:\Users\Riya.Arly\AppData\Local\Temp\jansi-64-4242416710340978691.dll
0x000007fef8910000 - 0x000007fef8a35000 	C:\Windows\system32\dbghelp.dll

VM Arguments:
jvm_args: -agentlib:jdwp=transport=dt_socket,suspend=y,address=localhost:50940 -XX:PermSize=128M -XX:MaxPermSize=256M -Dmule.home=C:\Users\Riya.Arly\Desktop\ws\.mule -Djava.endorsed.dirs=C:\Users\Riya.Arly\Desktop\LabSetup 3.8\AnypointStudio\plugins\org.mule.tooling.server.3.8.1.ee_6.1.0.201608181745\mule\lib\endorsed -Djava.net.preferIPv4Stack=TRUE -Dmvel2.disable.jit=TRUE -Dosgi.dev=true -Dmule.verbose.exceptions=true -Dmule.plugins.dir=C:\Users\Riya.Arly\Desktop\LabSetup 3.8\AnypointStudio\plugins\org.mule.tooling.server.3.8.1.ee_6.1.0.201608181745\mule\plugins -Dmule.agent.enabled=false -Dmule.forceConsoleLog -Dlog4j.debug=true -Danypoint.platform.gatekeeper=false -Dosgi.instance.area=file:\C:\Users\Riya.Arly\Desktop\ws -Dmule.debug.enable=true -Dmule.timeout.disable=false -Dmule.debug.port=6666 -Dmule.debug.suspend=false -Dfile.encoding=Cp1252 
java_command: org.mule.tooling.server.application.ApplicationDeployer
java_class_path (initial): C:\Users\Riya.Arly\Desktop\LabSetup 3.8\AnypointStudio\plugins\org.mule.tooling.server.3.8.1.ee_6.1.0.201608181745\mule\tooling\tooling-support-3.8.1.jar;C:\Users\Riya.Arly\Desktop\LabSetup 3.8\AnypointStudio\plugins\org.mule.tooling.server.3.8.1.ee_6.1.0.201608181745\mule\lib\boot\commons-cli-1.2.jar;C:\Users\Riya.Arly\Desktop\LabSetup 3.8\AnypointStudio\plugins\org.mule.tooling.server.3.8.1.ee_6.1.0.201608181745\mule\lib\boot\commons-codec-1.9.jar;C:\Users\Riya.Arly\Desktop\LabSetup 3.8\AnypointStudio\plugins\org.mule.tooling.server.3.8.1.ee_6.1.0.201608181745\mule\lib\boot\disruptor-3.3.0.jar;C:\Users\Riya.Arly\Desktop\LabSetup 3.8\AnypointStudio\plugins\org.mule.tooling.server.3.8.1.ee_6.1.0.201608181745\mule\lib\boot\jcl-over-slf4j-1.7.7.jar;C:\Users\Riya.Arly\Desktop\LabSetup 3.8\AnypointStudio\plugins\org.mule.tooling.server.3.8.1.ee_6.1.0.201608181745\mule\lib\boot\license-utils-gw-3.8.1.jar;C:\Users\Riya.Arly\Desktop\LabSetup 3.8\AnypointStudio\plugins\org.mule.tooling.server.3.8.1.ee_6.1.0.201608181745\mule\lib\boot\licm-studio-1.1.4.jar;C:\Users\Riya.Arly\Desktop\LabSetup 3.8\AnypointStudio\plugins\org.mule.tooling.server.3.8.1.ee_6.1.0.201608181745\mule\lib\boot\log4j-1.2-api-2.5.jar;C:\Users\Riya.Arly\Desktop\LabSetup 3.8\AnypointStudio\plugins\org.mule.tooling.server.3.8.1.ee_6.1.0.201608181745\mule\lib\boot\log4j-api-2.5.jar;C:\Users\Riya.Arly\Desktop\LabSetup 3.8\AnypointStudio\plugins\org.mule.tooling.server.3.8.1.ee_6.1.0.201608181745\mule\lib\boot\log4j-core-2.5.jar;C:\Users\Riya.Arly\Desktop\LabSetup 3.8\AnypointStudio\plugins\org.mule.tooling.server.3.8.1.ee_6.1.0.201608181745\mule\lib\boot\log4j-jcl-2.5.jar;C:\Users\Riya.Arly\Desktop\LabSetup 3.8\AnypointStudio\plugins\org.mule.tooling.server.3.8.1.ee_6.1.0.201608181745\mule\lib\boot\log4j-jul-2.5.jar;C:\Users\Riya.Arly\Desktop\LabSetup 3.8\AnypointStudio\plugins\org.mule.tooling.server.3.8.1.ee_6.1.0.201608181745\mule\lib\boot\log4j-slf4j-impl-2.5.jar;C:\Users\Riya
Launcher Type: SUN_STANDARD

Environment Variables:
JAVA_HOME=C:\Program Files\Java\jdk1.8.0_102
PATH=C:\Program Files\Java\jdk1.8.0_102\jre\bin;C:/Program Files/Java/jre1.8.0_102/bin/server;C:/Program Files/Java/jre1.8.0_102/bin;C:/Program Files/Java/jre1.8.0_102/lib/amd64;C:\ProgramData\Oracle\Java\javapath;C:\Windows\system32;C:\Windows;C:\Windows\System32\Wbem;C:\Windows\System32\WindowsPowerShell\v1.0\;C:\Program Files\nodejs\;C:\Program Files\Java\jdk1.8.0_102\bin;C:\Program Files\MySQL\MySQL Utilities 1.6\;C:\Users\Riya.Arly\Desktop\LabSetup 3.8\AnypointStudio;
USERNAME=riya.arly
OS=Windows_NT
PROCESSOR_IDENTIFIER=Intel64 Family 6 Model 69 Stepping 1, GenuineIntel



---------------  S Y S T E M  ---------------

OS: Windows 7 , 64 bit Build 7601 (6.1.7601.24260)

CPU:total 4 (2 cores per cpu, 2 threads per core) family 6 model 69 stepping 1, cmov, cx8, fxsr, mmx, sse, sse2, sse3, ssse3, sse4.1, sse4.2, popcnt, avx, avx2, aes, clmul, erms, lzcnt, ht, tsc, tscinvbit, bmi1, bmi2

Memory: 4k page, physical 8307056k(3422220k free), swap 16612212k(10753460k free)

vm_info: Java HotSpot(TM) 64-Bit Server VM (25.102-b14) for windows-amd64 JRE (1.8.0_102-b14), built on Jun 22 2016 13:15:21 by "java_re" with MS VC++ 10.0 (VS2010)

time: Mon Oct 29 16:49:51 2018
elapsed time: 13 seconds (0d 0h 0m 13s)

